<?xml version="1.0" encoding="UTF-8"?>
<!-- Generated by org.testng.reporters.JUnitXMLReporter -->
<testsuite hostname="DESKTOP-EUD6GE0" name="Test(failed)" tests="1" failures="0" timestamp="20 Oct 2020 12:18:44 GMT" time="0.002" errors="0">
  <testcase name="@BeforeTest firefox" time="0.0" classname="Work.Cross_Browser_Test_Testng">
    <failure type="org.testng.TestNGException" message="
Parameter &amp;apos;browser&amp;apos; is required by @Configuration on method firefox but has not been marked @Optional or defined
in C:\Users\Ram Mani Rai\git\SeleniumJavaFramework1\SeleniumPractice\test-output\testng-failed.xml">
      <![CDATA[org.testng.TestNGException: 
Parameter 'browser' is required by @Configuration on method firefox but has not been marked @Optional or defined
in C:\Users\Ram Mani Rai\git\SeleniumJavaFramework1\SeleniumPractice\test-output\testng-failed.xml
... Removed 19 stack frames]]>
    </failure>
  </testcase> <!-- @BeforeTest firefox -->
  <testcase name="testCase" time="0.0" classname="Work.Cross_Browser_Test_Testng">
    <skipped/>
  </testcase> <!-- testCase -->
</testsuite> <!-- Test(failed) -->
